2017/05/01 22:21:28 - INFO : Le backup de la base de donnée 'backupTest'a été créé dans le dans le dossier backups/backupTestlocalhost/backupTest-20170501-222125.sql
2017/05/01 22:26:01 - INFO : Le backup de la base de donnée 'backupTest'a été créé dans le dans le dossier backups/backupTestlocalhost/backupTest-20170501-222559.sql
2017/05/01 22:40:43 - ERROR : La base de données n'éxiste pas
2017/05/01 22:40:44 - ERROR : La base de données n'éxiste pas
2017/05/01 22:40:44 - ERROR : La base de données n'éxiste pas
2017/05/01 22:40:44 - ERROR : La base de données n'éxiste pas
2017/05/01 22:40:44 - ERROR : La base de données n'éxiste pas
2017/05/01 22:40:44 - ERROR : La base de données n'éxiste pas
2017/05/01 22:40:44 - ERROR : La base de données n'éxiste pas
2017/05/01 22:40:44 - ERROR : La base de données n'éxiste pas
2017/05/01 22:40:44 - ERROR : La base de données n'éxiste pas
2017/05/01 22:40:44 - ERROR : La base de données n'éxiste pas
2017/05/01 22:40:44 - ERROR : La base de données n'éxiste pas
2017/05/01 22:40:44 - ERROR : La base de données n'éxiste pas
2017/05/01 22:40:44 - ERROR : La base de données n'éxiste pas
2017/05/01 22:40:44 - ERROR : La base de données n'éxiste pas
2017/05/01 22:40:44 - ERROR : La base de données n'éxiste pas
2017/05/01 22:40:45 - ERROR : La base de données n'éxiste pas
2017/05/01 22:40:45 - ERROR : La base de données n'éxiste pas
2017/05/01 22:40:45 - ERROR : La base de données n'éxiste pas
2017/05/01 22:40:45 - ERROR : La base de données n'éxiste pas
2017/05/01 22:40:45 - ERROR : La base de données n'éxiste pas
2017/05/01 22:40:45 - ERROR : La base de données n'éxiste pas
2017/05/01 22:40:45 - ERROR : La base de données n'éxiste pas
2017/05/01 22:40:45 - ERROR : La base de données n'éxiste pas
2017/05/01 22:40:45 - ERROR : La base de données n'éxiste pas
2017/05/01 22:40:45 - ERROR : La base de données n'éxiste pas
2017/05/01 22:40:45 - ERROR : La base de données n'éxiste pas
2017/05/01 22:40:45 - ERROR : La base de données n'éxiste pas
2017/05/01 22:40:45 - ERROR : La base de données n'éxiste pas
2017/05/01 22:40:45 - ERROR : La base de données n'éxiste pas
2017/05/01 22:40:45 - ERROR : La base de données n'éxiste pas
2017/05/01 22:40:45 - ERROR : La base de données n'éxiste pas
2017/05/01 22:40:45 - ERROR : La base de données n'éxiste pas
2017/05/01 22:40:45 - ERROR : La base de données n'éxiste pas
2017/05/01 22:40:45 - ERROR : La base de données n'éxiste pas
2017/05/01 22:40:45 - ERROR : La base de données n'éxiste pas
2017/05/01 22:40:45 - ERROR : La base de données n'éxiste pas
2017/05/01 22:40:45 - ERROR : La base de données n'éxiste pas
2017/05/01 22:40:45 - ERROR : La base de données n'éxiste pas
2017/05/01 22:40:45 - ERROR : La base de données n'éxiste pas
2017/05/01 22:40:45 - ERROR : La base de données n'éxiste pas
2017/05/01 22:40:45 - ERROR : La base de données n'éxiste pas
2017/05/01 22:40:45 - ERROR : La base de données n'éxiste pas
2017/05/01 22:40:45 - ERROR : La base de données n'éxiste pas
2017/05/01 22:40:45 - ERROR : La base de données n'éxiste pas
2017/05/01 22:40:45 - ERROR : La base de données n'éxiste pas
2017/05/01 22:40:45 - ERROR : La base de données n'éxiste pas
2017/05/01 22:40:45 - ERROR : La base de données n'éxiste pas
2017/05/01 22:40:45 - ERROR : La base de données n'éxiste pas
2017/05/01 22:40:45 - ERROR : La base de données n'éxiste pas
2017/05/01 22:40:45 - ERROR : La base de données n'éxiste pas
2017/05/01 22:40:45 - ERROR : La base de données n'éxiste pas
2017/05/01 22:40:45 - ERROR : La base de données n'éxiste pas
2017/05/01 22:40:45 - ERROR : La base de données n'éxiste pas
2017/05/01 22:40:45 - ERROR : La base de données n'éxiste pas
2017/05/01 22:40:45 - ERROR : La base de données n'éxiste pas
2017/05/01 22:53:52 - ERROR : La base de données n'éxiste pas
2017/05/01 22:53:52 - ERROR : La base de données n'éxiste pas
2017/05/01 22:53:52 - ERROR : La base de données n'éxiste pas
2017/05/01 22:53:53 - ERROR : La base de données n'éxiste pas
2017/05/01 22:53:53 - ERROR : La base de données n'éxiste pas
2017/05/01 22:53:53 - ERROR : La base de données n'éxiste pas
2017/05/01 22:53:53 - ERROR : La base de données n'éxiste pas
2017/05/01 22:53:53 - ERROR : La base de données n'éxiste pas
2017/05/01 22:53:53 - ERROR : La base de données n'éxiste pas
2017/05/01 22:53:53 - ERROR : La base de données n'éxiste pas
2017/05/01 22:53:53 - ERROR : La base de données n'éxiste pas
2017/05/01 22:53:53 - ERROR : La base de données n'éxiste pas
2017/05/01 22:53:53 - ERROR : La base de données n'éxiste pas
2017/05/01 22:53:53 - ERROR : La base de données n'éxiste pas
2017/05/01 22:53:53 - ERROR : La base de données n'éxiste pas
2017/05/01 22:53:53 - ERROR : La base de données n'éxiste pas
2017/05/01 22:53:53 - ERROR : La base de données n'éxiste pas
2017/05/01 22:53:53 - ERROR : La base de données n'éxiste pas
2017/05/01 22:53:53 - ERROR : La base de données n'éxiste pas
2017/05/01 22:53:53 - ERROR : La base de données n'éxiste pas
2017/05/01 22:53:53 - ERROR : La base de données n'éxiste pas
2017/05/01 22:53:53 - ERROR : La base de données n'éxiste pas
2017/05/01 22:53:53 - ERROR : La base de données n'éxiste pas
2017/05/01 22:53:53 - ERROR : La base de données n'éxiste pas
2017/05/01 22:53:53 - ERROR : La base de données n'éxiste pas
2017/05/01 22:53:53 - ERROR : La base de données n'éxiste pas
2017/05/01 22:53:53 - ERROR : La base de données n'éxiste pas
2017/05/01 22:53:53 - ERROR : La base de données n'éxiste pas
2017/05/01 22:53:53 - ERROR : La base de données n'éxiste pas
2017/05/01 22:53:53 - ERROR : La base de données n'éxiste pas
2017/05/01 22:53:53 - ERROR : La base de données n'éxiste pas
2017/05/01 22:53:53 - ERROR : La base de données n'éxiste pas
2017/05/01 22:53:53 - ERROR : La base de données n'éxiste pas
2017/05/01 22:53:53 - ERROR : La base de données n'éxiste pas
2017/05/01 22:53:53 - ERROR : La base de données n'éxiste pas
2017/05/01 22:53:53 - ERROR : La base de données n'éxiste pas
2017/05/01 22:53:54 - ERROR : La base de données n'éxiste pas
2017/05/01 22:53:54 - ERROR : La base de données n'éxiste pas
2017/05/01 22:53:54 - ERROR : La base de données n'éxiste pas
2017/05/01 22:53:54 - ERROR : La base de données n'éxiste pas
2017/05/01 22:53:54 - ERROR : La base de données n'éxiste pas
2017/05/01 22:53:54 - ERROR : La base de données n'éxiste pas
2017/05/01 22:53:54 - ERROR : La base de données n'éxiste pas
2017/05/01 22:53:54 - ERROR : La base de données n'éxiste pas
2017/05/01 22:53:54 - ERROR : La base de données n'éxiste pas
2017/05/01 22:53:54 - ERROR : La base de données n'éxiste pas
2017/05/01 22:53:54 - ERROR : La base de données n'éxiste pas
2017/05/01 22:53:54 - ERROR : La base de données n'éxiste pas
2017/05/01 22:53:54 - ERROR : La base de données n'éxiste pas
2017/05/01 22:53:54 - ERROR : La base de données n'éxiste pas
2017/05/01 22:53:54 - ERROR : La base de données n'éxiste pas
2017/05/01 22:53:54 - ERROR : La base de données n'éxiste pas
2017/05/01 22:53:54 - ERROR : La base de données n'éxiste pas
2017/05/01 22:53:54 - ERROR : La base de données n'éxiste pas
2017/05/01 22:53:54 - ERROR : La base de données n'éxiste pas
2017/05/01 22:55:31 - INFO : Le backup de la base de donnée 'backupTest'a été créé dans le dans le dossier backups/backupTestlocalhost/backupTest-20170501-225528.sql
2017/05/01 22:57:47 - ERROR : Acces refusé! Vous ne disposez pas des droits nécessaires d'accès au serveur 
2017/05/01 22:57:47 - ERROR : Acces refusé! Vous ne disposez pas des droits nécessaires d'accès au serveur 
2017/05/01 23:08:10 - INFO : Le backup de la base de donnée 'backupTest'a été créé dans le dans le dossier backups/backupTestlocalhost/backupTest-20170501-230807.sql
2017/05/01 23:12:27 - INFO : Le backup de la base de donnée 'backupTest'a été créé dans le dans le dossier backups/backupTestlocalhost/backupTest-20170501-231225.sql
2017/05/01 23:12:28 - INFO : Le backup de la base de donnée 'backupTest2'a été créé dans le dans le dossier backups/backupTest2localhost/backupTest2-20170501-231227.sql
2017/05/01 23:12:28 - INFO : Le backup de la base de donnée 'backupTest2'a été créé dans le dans le dossier backups/backupTest2localhost/backupTest2-20170501-231227.sql
2017/05/01 23:19:44 - INFO : Le backup de la base de donnée 'backupTest'a été créé dans le dans le dossier backups/backupTestlocalhost/backupTest-20170501-231934.sql
2017/05/01 23:19:44 - INFO : Le backup de la base de donnée 'backupTest'a été créé dans le dans le dossier backups/backupTestlocalhost/backupTest-20170501-231934.sql
2017/05/01 23:19:44 - INFO : Le backup de la base de donnée 'backupTest'a été créé dans le dans le dossier backups/backupTestlocalhost/backupTest-20170501-231934.sql
2017/05/01 23:27:52 - ERROR : La base de données n'éxiste pas
2017/05/01 23:27:53 - INFO : Le backup de la base de donnée 'backupTest2'a été créé dans le dans le dossier backups/backupTest2localhost/backupTest2-20170501-232752.sql
2017/05/01 23:27:53 - INFO : Le backup de la base de donnée 'backupTest2'a été créé dans le dans le dossier backups/backupTest2localhost/backupTest2-20170501-232752.sql
2017/05/01 23:28:58 - INFO : Le backup de la base de donnée 'backupTest'a été créé dans le dans le dossier backups/backupTestlocalhost/backupTest-20170501-232857.sql
2017/05/01 23:28:59 - INFO : Le backup de la base de donnée 'backupTest2'a été créé dans le dans le dossier backups/backupTest2localhost/backupTest2-20170501-232858.sql
2017/05/01 23:28:59 - INFO : Le backup de la base de donnée 'backupTest2'a été créé dans le dans le dossier backups/backupTest2localhost/backupTest2-20170501-232858.sql
2017/05/01 23:29:53 - INFO : Le backup de la base de donnée 'backupTest'a été créé dans le dans le dossier backups/backupTestlocalhost/backupTest-20170501-232546.sql
2017/05/01 23:32:57 - INFO : Le backup de la base de donnée 'backupTest'a été créé dans le dans le dossier backups/backupTestlocalhost/backupTest-20170501-233256.sql
2017/05/01 23:32:58 - INFO : Le backup de la base de donnée 'backupTest2'a été créé dans le dans le dossier backups/backupTest2localhost/backupTest2-20170501-233257.sql
2017/05/01 23:32:58 - INFO : Le backup de la base de donnée 'backupTest2'a été créé dans le dans le dossier backups/backupTest2localhost/backupTest2-20170501-233257.sql
2017/05/02 10:44:50 - INFO : Création du dossier pour le backup : backups/exoslocalhost
2017/05/02 10:44:50 - INFO : dumpcmd -> mysqldump -u root -h localhost exos > backups/exoslocalhost/exos-20170502-104450.sql
2017/05/02 10:44:50 - INFO : dumpcmd -> mysqldump -u root -h localhost exos > backups/exoslocalhost/exos-20170502-104450.sql
2017/05/02 10:46:26 - INFO : Création du dossier pour le backup : backups/exoslocalhost
2017/05/02 10:46:26 - INFO : dumpcmd -> C:\wamp\bin\mysql\mysql5.6.17\bin\mysqldump -u root -h localhost exos > backups/exoslocalhost/exos-20170502-104626.sql
2017/05/02 10:46:26 - INFO : dumpcmd -> C:\wamp\bin\mysql\mysql5.6.17\bin\mysqldump -u root -h localhost exos > backups/exoslocalhost/exos-20170502-104626.sql
2017/05/02 10:46:29 - INFO : Le backup de la base de donnée 'exos'a été créé dans le dans le dossier backups/exoslocalhost/exos-20170502-104626.sql
2017/05/02 10:46:29 - INFO : Le backup de la base de donnée 'exos'a été créé dans le dans le dossier backups/exoslocalhost/exos-20170502-104626.sql
2017/05/02 10:46:29 - INFO : Le backup de la base de donnée 'exos'a été créé dans le dans le dossier backups/exoslocalhost/exos-20170502-104626.sql
